<?xml version="1.0" encoding="UTF-8"?>
<!-- Generated by org.testng.reporters.JUnitReportReporter -->
<testsuite skipped="0" hostname="LAPTOP-7C9MP4RJ" name="tests.Proba" tests="1" failures="0" timestamp="2021-06-08T21:23:33 CEST" time="11.294" errors="0">
  <testcase name="test" time="11.294" classname="tests.Proba"/>
  <system-out/>
</testsuite> <!-- tests.Proba -->
