<?xml version="1.0" encoding="UTF-8"?>
<!-- Generated by org.testng.reporters.JUnitReportReporter -->
<testsuite skipped="0" hostname="LAPTOP-7C9MP4RJ" name="tests.SignInTests" tests="6" failures="0" timestamp="2021-06-11T19:46:34 CEST" time="98.350" errors="0">
  <testcase name="createAccountAndRegister" time="18.780" classname="tests.SignInTests"/>
  <system-out/>
  <testcase name="createAccountWithAlreadyRegisteredEmail" time="13.168" classname="tests.SignInTests"/>
  <system-out/>
  <testcase name="createAccountWithInvalidEmail" time="23.245" classname="tests.SignInTests"/>
  <system-out/>
  <testcase name="signInWithValidCredentials" time="18.341" classname="tests.SignInTests"/>
  <system-out/>
  <testcase name="signInWithInvalidEmail" time="11.622" classname="tests.SignInTests"/>
  <system-out/>
  <testcase name="signInWithInvalidPassword" time="13.194" classname="tests.SignInTests"/>
  <system-out/>
</testsuite> <!-- tests.SignInTests -->
