<?xml version="1.0" encoding="UTF-8"?>
<!-- Generated by org.testng.reporters.JUnitReportReporter -->
<testsuite skipped="0" hostname="LAPTOP-7C9MP4RJ" name="tests.MyWishListsTests" tests="1" failures="0" timestamp="2021-06-15T20:33:14 CEST" time="48.807" errors="0">
  <testcase name="createWishList" time="48.807" classname="tests.MyWishListsTests"/>
  <system-out/>
</testsuite> <!-- tests.MyWishListsTests -->
