<?xml version="1.0" encoding="UTF-8"?>
<!-- Generated by org.testng.reporters.JUnitReportReporter -->
<testsuite skipped="0" hostname="LAPTOP-7C9MP4RJ" name="tests.RegistrationTests" tests="3" failures="0" timestamp="2021-06-13T20:33:32 CEST" time="34.668" errors="0">
  <testcase name="createAccountAndRegister" time="20.502" classname="tests.RegistrationTests"/>
  <system-out/>
  <testcase name="createAccountWithAlreadyRegisteredEmail" time="7.849" classname="tests.RegistrationTests"/>
  <system-out/>
  <testcase name="createAccountWithInvalidEmail" time="6.317" classname="tests.RegistrationTests"/>
  <system-out/>
</testsuite> <!-- tests.RegistrationTests -->
