<?xml version="1.0" encoding="UTF-8"?>
<!-- Generated by org.testng.reporters.JUnitReportReporter -->
<testsuite skipped="0" hostname="LAPTOP-7C9MP4RJ" name="tests.SignInTests" tests="6" failures="0" timestamp="2021-06-12T19:55:20 CEST" time="56.809" errors="0">
  <testcase name="createAccountWithAlreadyRegisteredEmail" time="14.186" classname="tests.SignInTests"/>
  <system-out/>
  <testcase name="createAccountWithInvalidEmail" time="8.086" classname="tests.SignInTests"/>
  <system-out/>
  <testcase name="signInWithValidCredentials" time="9.112" classname="tests.SignInTests"/>
  <system-out/>
  <testcase name="signInWithInvalidEmail" time="6.581" classname="tests.SignInTests"/>
  <system-out/>
  <testcase name="signInWithInvalidPassword" time="10.578" classname="tests.SignInTests"/>
  <system-out/>
  <testcase name="signInWithoutCredentials" time="8.266" classname="tests.SignInTests"/>
  <system-out/>
</testsuite> <!-- tests.SignInTests -->
