<?xml version="1.0" encoding="UTF-8"?>
<!-- Generated by org.testng.reporters.JUnitReportReporter -->
<testsuite skipped="0" hostname="LAPTOP-7C9MP4RJ" name="tests.MyAccountTests" tests="1" failures="0" timestamp="2021-06-11T23:23:42 CEST" time="13.149" errors="0">
  <testcase name="checkRadioButtons" time="13.149" classname="tests.MyAccountTests"/>
  <system-out/>
</testsuite> <!-- tests.MyAccountTests -->
