<?xml version="1.0" encoding="UTF-8"?>
<!-- Generated by org.testng.reporters.JUnitReportReporter -->
<testsuite skipped="0" hostname="LAPTOP-7C9MP4RJ" name="tests.ChangePasswordTest" tests="1" failures="0" timestamp="2021-06-11T23:23:10 CEST" time="25.387" errors="0">
  <testcase name="changePassword" time="25.387" classname="tests.ChangePasswordTest"/>
  <system-out/>
</testsuite> <!-- tests.ChangePasswordTest -->
