<?xml version="1.0" encoding="UTF-8"?>
<!-- Generated by org.testng.reporters.JUnitReportReporter -->
<testsuite skipped="0" hostname="LAPTOP-7C9MP4RJ" name="tests.SignInTests" tests="5" failures="0" timestamp="2021-06-13T20:32:19 CEST" time="43.568" errors="0">
  <testcase name="signInWithValidCredentials" time="11.040" classname="tests.SignInTests"/>
  <system-out/>
  <testcase name="signInWithInvalidEmail" time="7.367" classname="tests.SignInTests"/>
  <system-out/>
  <testcase name="signInWithInvalidPassword" time="7.545" classname="tests.SignInTests"/>
  <system-out/>
  <testcase name="signInWithoutCredentials" time="6.671" classname="tests.SignInTests"/>
  <system-out/>
  <testcase name="signOutFromAccount" time="10.945" classname="tests.SignInTests"/>
  <system-out/>
</testsuite> <!-- tests.SignInTests -->
